<?xml version="1.0" encoding="UTF-8"?>
<!-- Generated by org.testng.reporters.JUnitReportReporter -->
<testsuite hostname="DESKTOP-N1FDMPR" failures="0" tests="6" name="tests.MovieAppTests" time="123.422" errors="0" timestamp="21 May 2023 14:24:10 GMT" skipped="0">
  <testcase classname="tests.MovieAppTests" name="CheckPageTitle" time="0.235"/>
  <testcase classname="tests.MovieAppTests" name="ClickonMovieTitle" time="12.154"/>
  <testcase classname="tests.MovieAppTests" name="ClickOnMovies" time="49.956"/>
  <testcase classname="tests.MovieAppTests" name="CheckMovieDetails" time="51.331"/>
  <testcase classname="tests.MovieAppTests" name="SortOnRating" time="0.001"/>
  <testcase classname="tests.MovieAppTests" name="ScrollToAMovie" time="9.745"/>
</testsuite> <!-- tests.MovieAppTests -->
