<?xml version="1.0" encoding="UTF-8"?>
<!-- Generated by org.testng.reporters.JUnitReportReporter -->
<testsuite hostname="DESKTOP-N1FDMPR" failures="0" tests="1" name="tests.BaseClass" time="0.006" errors="0" timestamp="21 May 2023 09:13:41 GMT" skipped="0">
  <testcase classname="tests.BaseClass" name="dummytest" time="0.006"/>
</testsuite> <!-- tests.BaseClass -->
